app/build/intermediates/manifest_merge_blame_file/release/manifest-merger-blame-release-report.txt
1<?xml version="1.0" encoding="utf-8"?>
2<manifest xmlns:android="http://schemas.android.com/apk/res/android"
3    package="ca.pascalparent.pascalparentca"
4    android:versionCode="1"
5    android:versionName="1.0" >
6
7    <uses-sdk
8        android:minSdkVersion="15"
8-->src/main/AndroidManifest.xml
9        android:targetSdkVersion="29" />
9-->src/main/AndroidManifest.xml
10
11    <uses-permission android:name="android.permission.INTERNET" />
11-->src/main/AndroidManifest.xml:5:5-67
11-->src/main/AndroidManifest.xml:5:22-64
12    <uses-permission android:name="android.permission.ACCESS_NETWORK_STATE" />
12-->src/main/AndroidManifest.xml:6:5-78
12-->src/main/AndroidManifest.xml:6:22-76
13
14    <application
14-->src/main/AndroidManifest.xml:8:5-29:19
15        android:allowBackup="true"
15-->src/main/AndroidManifest.xml:9:9-35
16        android:appComponentFactory="androidx.core.app.CoreComponentFactory"
16-->[androidx.core:core:1.1.0] AndroidManifest.xml:24:18-86
17        android:icon="@mipmap/ic_launcher"
17-->src/main/AndroidManifest.xml:10:9-43
18        android:label="@string/app_name"
18-->src/main/AndroidManifest.xml:11:9-41
19        android:roundIcon="@mipmap/ic_launcher_round"
19-->src/main/AndroidManifest.xml:12:9-54
20        android:supportsRtl="true"
20-->src/main/AndroidManifest.xml:13:9-35
21        android:theme="@style/AppTheme" >
21-->src/main/AndroidManifest.xml:14:9-40
22        <activity android:name="ca.pascalparent.pascalparentca.MiseAJour" />
22-->src/main/AndroidManifest.xml:15:9-56
22-->src/main/AndroidManifest.xml:15:19-44
23        <activity android:name="ca.pascalparent.pascalparentca.AjouterAmi" />
23-->src/main/AndroidManifest.xml:16:9-48
23-->src/main/AndroidManifest.xml:16:19-45
24        <activity android:name="ca.pascalparent.pascalparentca.Amis" />
24-->src/main/AndroidManifest.xml:17:9-42
24-->src/main/AndroidManifest.xml:17:19-39
25        <activity android:name="ca.pascalparent.pascalparentca.Messagerie" />
25-->src/main/AndroidManifest.xml:18:9-48
25-->src/main/AndroidManifest.xml:18:19-45
26        <activity android:name="ca.pascalparent.pascalparentca.Modification" />
26-->src/main/AndroidManifest.xml:19:9-50
26-->src/main/AndroidManifest.xml:19:19-47
27        <activity android:name="ca.pascalparent.pascalparentca.Profil" />
27-->src/main/AndroidManifest.xml:20:9-44
27-->src/main/AndroidManifest.xml:20:19-41
28        <activity android:name="ca.pascalparent.pascalparentca.Inscription" />
28-->src/main/AndroidManifest.xml:21:9-49
28-->src/main/AndroidManifest.xml:21:19-46
29        <activity android:name="ca.pascalparent.pascalparentca.MainActivity" >
29-->src/main/AndroidManifest.xml:22:9-28:20
29-->src/main/AndroidManifest.xml:22:19-47
30            <intent-filter>
30-->src/main/AndroidManifest.xml:23:13-27:29
31                <action android:name="android.intent.action.MAIN" />
31-->src/main/AndroidManifest.xml:24:17-69
31-->src/main/AndroidManifest.xml:24:25-66
32
33                <category android:name="android.intent.category.LAUNCHER" />
33-->src/main/AndroidManifest.xml:26:17-77
33-->src/main/AndroidManifest.xml:26:27-74
34            </intent-filter>
35        </activity>
36
37        <provider
37-->[com.squareup.picasso:picasso:2.71828] AndroidManifest.xml:8:9-11:40
38            android:name="com.squareup.picasso.PicassoProvider"
38-->[com.squareup.picasso:picasso:2.71828] AndroidManifest.xml:9:13-64
39            android:authorities="ca.pascalparent.pascalparentca.com.squareup.picasso"
39-->[com.squareup.picasso:picasso:2.71828] AndroidManifest.xml:10:13-72
40            android:exported="false" />
40-->[com.squareup.picasso:picasso:2.71828] AndroidManifest.xml:11:13-37
41
42        <service
42-->[androidx.room:room-runtime:2.2.4] AndroidManifest.xml:25:9-27:40
43            android:name="androidx.room.MultiInstanceInvalidationService"
43-->[androidx.room:room-runtime:2.2.4] AndroidManifest.xml:26:13-74
44            android:exported="false" />
44-->[androidx.room:room-runtime:2.2.4] AndroidManifest.xml:27:13-37
45
46        <provider
46-->[androidx.lifecycle:lifecycle-process:2.0.0] AndroidManifest.xml:23:9-27:43
47            android:name="androidx.lifecycle.ProcessLifecycleOwnerInitializer"
47-->[androidx.lifecycle:lifecycle-process:2.0.0] AndroidManifest.xml:24:13-79
48            android:authorities="ca.pascalparent.pascalparentca.lifecycle-process"
48-->[androidx.lifecycle:lifecycle-process:2.0.0] AndroidManifest.xml:25:13-69
49            android:exported="false"
49-->[androidx.lifecycle:lifecycle-process:2.0.0] AndroidManifest.xml:26:13-37
50            android:multiprocess="true" />
50-->[androidx.lifecycle:lifecycle-process:2.0.0] AndroidManifest.xml:27:13-40
51    </application>
52
53</manifest>